<?xml version="1.0" encoding="UTF-8"?>
<testsuite name="ApplicationTests" tests="1" skipped="0" failures="0" errors="0" timestamp="2024-02-16T12:43:21" hostname="WIN-PK97IO7J39D" time="6.047">
  <properties/>
  <testcase name="start" classname="ApplicationTests" time="6.047"/>
  <system-out><![CDATA[?[1;31m
Start test 1?[0m
?[0;34m
?[0m?[0;34m  .   ____          _            __ _ _
?[0m?[0;34m /\\ / ___'_ __ _ _(_)_ __  __ _ \ \ \ \
?[0m?[0;34m( ( )\___ | '_ | '_| | '_ \/ _` | \ \ \ \
?[0m?[0;34m \\/  ___)| |_)| | | | | || (_| |  ) ) ) )
?[0m?[0;34m  '  |____| .__|_| |_|_| |_\__, | / / / /
?[0m?[0;34m =========|_|==============|___/=/_/_/_/
?[0m?[0;34m :: Spring Boot ::                (v3.0.2)
?[0m?[0;34m
?[0m?[0;34m2024-02-16T17:43:22.011+05:00  INFO 14708 --- [    Test worker] aggregator.Application                   : Starting Application using Java 17.0.5 with PID 14708 (started by User in D:\JetBrainsWork\Transaction Aggregator\Transaction Aggregator\task)
?[0m?[0;34m2024-02-16T17:43:22.021+05:00  INFO 14708 --- [    Test worker] aggregator.Application                   : No active profile set, falling back to 1 default profile: "default"
?[0m?[0;34m2024-02-16T17:43:23.968+05:00  INFO 14708 --- [    Test worker] o.s.b.w.embedded.tomcat.TomcatWebServer  : Tomcat initialized with port(s): 8080 (http)
?[0m?[0;34m2024-02-16T17:43:23.988+05:00  INFO 14708 --- [    Test worker] o.apache.catalina.core.StandardService   : Starting service [Tomcat]
?[0m?[0;34m2024-02-16T17:43:23.988+05:00  INFO 14708 --- [    Test worker] o.apache.catalina.core.StandardEngine    : Starting Servlet engine: [Apache Tomcat/10.1.5]
?[0m?[0;34m2024-02-16T17:43:24.128+05:00  INFO 14708 --- [    Test worker] o.a.c.c.C.[Tomcat].[localhost].[/]       : Initializing Spring embedded WebApplicationContext
?[0m?[0;34m2024-02-16T17:43:24.132+05:00  INFO 14708 --- [    Test worker] w.s.c.ServletWebServerApplicationContext : Root WebApplicationContext: initialization completed in 2034 ms
?[0m?[0;34m2024-02-16T17:43:25.052+05:00  INFO 14708 --- [    Test worker] o.s.b.a.e.web.EndpointLinksResolver      : Exposing 1 endpoint(s) beneath base path '/actuator'
?[0m?[0;34m2024-02-16T17:43:25.139+05:00  INFO 14708 --- [    Test worker] o.s.b.w.embedded.tomcat.TomcatWebServer  : Tomcat started on port(s): 8080 (http) with context path ''
?[0m?[0;34m2024-02-16T17:43:25.164+05:00  INFO 14708 --- [    Test worker] aggregator.Application                   : Started Application in 3.727 seconds (process running for 4.995)
?[0;34m2024-02-16T17:43:25.628+05:00  INFO 14708 --- [nio-8080-exec-1] o.a.c.c.C.[Tomcat].[localhost].[/]       : Initializing Spring DispatcherServlet 'dispatcherServlet'
?[0m?[0;34m2024-02-16T17:43:25.629+05:00  INFO 14708 --- [nio-8080-exec-1] o.s.web.servlet.DispatcherServlet        : Initializing Servlet 'dispatcherServlet'
?[0m?[0;34m2024-02-16T17:43:25.632+05:00  INFO 14708 --- [nio-8080-exec-1] o.s.web.servlet.DispatcherServlet        : Completed initialization in 3 ms
?[0m?[0;34m
?[0m?[0;34mRequest: GET http://localhost:8080/aggregate
?[0m]]></system-out>
  <system-err><![CDATA[]]></system-err>
</testsuite>
